{"/Users/ajinkya/Developer/learn-react/src/components/Contact.js": {"path":"/Users/ajinkya/Developer/learn-react/src/components/Contact.js","statementMap":{"0":{"start":{"line":1,"column":16},"end":{"line":22,"column":1}},"1":{"start":{"line":2,"column":2},"end":{"line":21,"column":4}}},"fnMap":{"0":{"name":"(anonymous_0)","decl":{"start":{"line":1,"column":16},"end":{"line":1,"column":17}},"loc":{"start":{"line":1,"column":22},"end":{"line":22,"column":1}},"line":1}},"branchMap":{},"s":{"0":1,"1":4},"f":{"0":4},"b":{},"_coverageSchema":"1a1c01bbd47fc00a2c39e90264f33305004495a9","hash":"ec6bf531ce044f9bee88e1a22940f44419d74939"}
,"/Users/ajinkya/Developer/learn-react/src/components/Header.js": {"path":"/Users/ajinkya/Developer/learn-react/src/components/Header.js","statementMap":{"0":{"start":{"line":8,"column":15},"end":{"line":113,"column":1}},"1":{"start":{"line":9,"column":42},"end":{"line":9,"column":59}},"2":{"start":{"line":10,"column":15},"end":{"line":10,"column":38}},"3":{"start":{"line":11,"column":17},"end":{"line":11,"column":34}},"4":{"start":{"line":14,"column":20},"end":{"line":14,"column":60}},"5":{"start":{"line":14,"column":43},"end":{"line":14,"column":59}},"6":{"start":{"line":16,"column":2},"end":{"line":112,"column":4}},"7":{"start":{"line":100,"column":14},"end":{"line":102,"column":43}}},"fnMap":{"0":{"name":"(anonymous_0)","decl":{"start":{"line":8,"column":15},"end":{"line":8,"column":16}},"loc":{"start":{"line":8,"column":21},"end":{"line":113,"column":1}},"line":8},"1":{"name":"(anonymous_1)","decl":{"start":{"line":14,"column":32},"end":{"line":14,"column":33}},"loc":{"start":{"line":14,"column":43},"end":{"line":14,"column":59}},"line":14},"2":{"name":"(anonymous_2)","decl":{"start":{"line":99,"column":21},"end":{"line":99,"column":22}},"loc":{"start":{"line":99,"column":27},"end":{"line":103,"column":13}},"line":99}},"branchMap":{"0":{"loc":{"start":{"line":25,"column":47},"end":{"line":25,"column":66}},"type":"cond-expr","locations":[{"start":{"line":25,"column":56},"end":{"line":25,"column":59}},{"start":{"line":25,"column":62},"end":{"line":25,"column":66}}],"line":25},"1":{"loc":{"start":{"line":43,"column":20},"end":{"line":45,"column":92}},"type":"cond-expr","locations":[{"start":{"line":44,"column":24},"end":{"line":44,"column":92}},{"start":{"line":45,"column":24},"end":{"line":45,"column":92}}],"line":43},"2":{"loc":{"start":{"line":48,"column":19},"end":{"line":48,"column":66}},"type":"cond-expr","locations":[{"start":{"line":48,"column":44},"end":{"line":48,"column":47}},{"start":{"line":48,"column":50},"end":{"line":48,"column":66}}],"line":48},"3":{"loc":{"start":{"line":100,"column":14},"end":{"line":102,"column":42}},"type":"cond-expr","locations":[{"start":{"line":101,"column":18},"end":{"line":101,"column":43}},{"start":{"line":102,"column":18},"end":{"line":102,"column":42}}],"line":100}},"s":{"0":1,"1":4,"2":4,"3":4,"4":4,"5":7,"6":4,"7":1},"f":{"0":4,"1":7,"2":1},"b":{"0":[4,0],"1":[4,0],"2":[4,0],"3":[1,0]},"_coverageSchema":"1a1c01bbd47fc00a2c39e90264f33305004495a9","hash":"f933f09c55baa1c361042ac092a36de6176ad5c5"}
,"/Users/ajinkya/Developer/learn-react/src/components/sum.js": {"path":"/Users/ajinkya/Developer/learn-react/src/components/sum.js","statementMap":{"0":{"start":{"line":1,"column":19},"end":{"line":3,"column":1}},"1":{"start":{"line":2,"column":4},"end":{"line":2,"column":15}}},"fnMap":{"0":{"name":"(anonymous_0)","decl":{"start":{"line":1,"column":19},"end":{"line":1,"column":20}},"loc":{"start":{"line":1,"column":27},"end":{"line":3,"column":1}},"line":1}},"branchMap":{},"s":{"0":1,"1":1},"f":{"0":1},"b":{},"_coverageSchema":"1a1c01bbd47fc00a2c39e90264f33305004495a9","hash":"c07fb40c0a6963b4202167f731bc503d36fa1675"}
,"/Users/ajinkya/Developer/learn-react/src/utils/UserContext.js": {"path":"/Users/ajinkya/Developer/learn-react/src/utils/UserContext.js","statementMap":{"0":{"start":{"line":3,"column":20},"end":{"line":5,"column":2}}},"fnMap":{},"branchMap":{},"s":{"0":1},"f":{},"b":{},"_coverageSchema":"1a1c01bbd47fc00a2c39e90264f33305004495a9","hash":"0ded4a84b59f905a952d67a0a29b9da9865239b5"}
,"/Users/ajinkya/Developer/learn-react/src/utils/appStore.js": {"path":"/Users/ajinkya/Developer/learn-react/src/utils/appStore.js","statementMap":{"0":{"start":{"line":4,"column":17},"end":{"line":8,"column":2}}},"fnMap":{},"branchMap":{},"s":{"0":1},"f":{},"b":{},"_coverageSchema":"1a1c01bbd47fc00a2c39e90264f33305004495a9","hash":"ad08ddbb38ea11216282d924af65e5347b27dca2"}
,"/Users/ajinkya/Developer/learn-react/src/utils/cartSlice.js": {"path":"/Users/ajinkya/Developer/learn-react/src/utils/cartSlice.js","statementMap":{"0":{"start":{"line":3,"column":18},"end":{"line":20,"column":2}},"1":{"start":{"line":11,"column":12},"end":{"line":11,"column":44}},"2":{"start":{"line":14,"column":12},"end":{"line":14,"column":29}},"3":{"start":{"line":17,"column":12},"end":{"line":17,"column":34}},"4":{"start":{"line":22,"column":48},"end":{"line":22,"column":65}}},"fnMap":{"0":{"name":"(anonymous_0)","decl":{"start":{"line":9,"column":17},"end":{"line":9,"column":18}},"loc":{"start":{"line":9,"column":36},"end":{"line":12,"column":9}},"line":9},"1":{"name":"(anonymous_1)","decl":{"start":{"line":13,"column":20},"end":{"line":13,"column":21}},"loc":{"start":{"line":13,"column":31},"end":{"line":15,"column":9}},"line":13},"2":{"name":"(anonymous_2)","decl":{"start":{"line":16,"column":19},"end":{"line":16,"column":20}},"loc":{"start":{"line":16,"column":30},"end":{"line":18,"column":9}},"line":16}},"branchMap":{},"s":{"0":1,"1":0,"2":0,"3":0,"4":1},"f":{"0":0,"1":0,"2":0},"b":{},"_coverageSchema":"1a1c01bbd47fc00a2c39e90264f33305004495a9","hash":"c4ff41396a944d65a15ee02c2751977647a8a268"}
,"/Users/ajinkya/Developer/learn-react/src/utils/constants.js": {"path":"/Users/ajinkya/Developer/learn-react/src/utils/constants.js","statementMap":{"0":{"start":{"line":1,"column":23},"end":{"line":1,"column":106}},"1":{"start":{"line":3,"column":24},"end":{"line":3,"column":118}},"2":{"start":{"line":5,"column":24},"end":{"line":5,"column":147}}},"fnMap":{},"branchMap":{},"s":{"0":1,"1":1,"2":1},"f":{},"b":{},"_coverageSchema":"1a1c01bbd47fc00a2c39e90264f33305004495a9","hash":"d9c32e099ffa4f043207f1b67c529afa9611e55b"}
,"/Users/ajinkya/Developer/learn-react/src/utils/useOnlineStatus.js": {"path":"/Users/ajinkya/Developer/learn-react/src/utils/useOnlineStatus.js","statementMap":{"0":{"start":{"line":3,"column":24},"end":{"line":17,"column":1}},"1":{"start":{"line":5,"column":45},"end":{"line":5,"column":59}},"2":{"start":{"line":7,"column":4},"end":{"line":14,"column":9}},"3":{"start":{"line":8,"column":8},"end":{"line":10,"column":10}},"4":{"start":{"line":9,"column":16},"end":{"line":9,"column":37}},"5":{"start":{"line":11,"column":8},"end":{"line":13,"column":6}},"6":{"start":{"line":12,"column":12},"end":{"line":12,"column":34}},"7":{"start":{"line":16,"column":4},"end":{"line":16,"column":23}}},"fnMap":{"0":{"name":"(anonymous_0)","decl":{"start":{"line":3,"column":24},"end":{"line":3,"column":25}},"loc":{"start":{"line":3,"column":29},"end":{"line":17,"column":1}},"line":3},"1":{"name":"(anonymous_1)","decl":{"start":{"line":7,"column":14},"end":{"line":7,"column":15}},"loc":{"start":{"line":7,"column":18},"end":{"line":14,"column":5}},"line":7},"2":{"name":"(anonymous_2)","decl":{"start":{"line":8,"column":41},"end":{"line":8,"column":42}},"loc":{"start":{"line":8,"column":45},"end":{"line":10,"column":9}},"line":8},"3":{"name":"(anonymous_3)","decl":{"start":{"line":11,"column":42},"end":{"line":11,"column":43}},"loc":{"start":{"line":11,"column":46},"end":{"line":13,"column":5}},"line":11}},"branchMap":{},"s":{"0":1,"1":4,"2":4,"3":3,"4":0,"5":3,"6":0,"7":4},"f":{"0":4,"1":3,"2":0,"3":0},"b":{},"_coverageSchema":"1a1c01bbd47fc00a2c39e90264f33305004495a9","hash":"d63cead3a3e89824f169ebc4ada9eb36198b2354"}
}
